Messages
=========================
SPIM Version 8.0 of January 8, 2010
Copyright 1990-2010, James R. Larus.
All Rights Reserved.
DOS and Windows ports by David A. Carley.
Copyright 1997, Morgan Kaufmann Publishers, Inc.
See the file README for a full copyright notice.
Loaded: C:\Users\Administrator\Desktop\TIGER\PCSpim\exceptions.s
Memory and registers cleared and the simulator reinitialized.

SPIM Version 8.0 of January 8, 2010
Copyright 1990-2010, James R. Larus.
All Rights Reserved.
DOS and Windows ports by David A. Carley.
Copyright 1997, Morgan Kaufmann Publishers, Inc.
See the file README for a full copyright notice.
Loaded: C:\Users\Administrator\Desktop\TIGER\PCSpim\exceptions.s
E:\program\EclipseWorkspace\Compiler\gene.s successfully loaded
Exception occurred at PC=0x004000c8
  Unaligned address in store: 0x1004000b
Attempt to execute non-instruction at 0x80000180
Exception occurred at PC=0x004000c8
  Unaligned address in store: 0x1004003f
Attempt to execute non-instruction at 0x80000180
Memory and registers cleared and the simulator reinitialized.

SPIM Version 8.0 of January 8, 2010
Copyright 1990-2010, James R. Larus.
All Rights Reserved.
DOS and Windows ports by David A. Carley.
Copyright 1997, Morgan Kaufmann Publishers, Inc.
See the file README for a full copyright notice.
Loaded: C:\Users\Administrator\Desktop\TIGER\PCSpim\exceptions.s
E:\program\EclipseWorkspace\Compiler\gene.s successfully loaded
Memory and registers cleared and the simulator reinitialized.

SPIM Version 8.0 of January 8, 2010
Copyright 1990-2010, James R. Larus.
All Rights Reserved.
DOS and Windows ports by David A. Carley.
Copyright 1997, Morgan Kaufmann Publishers, Inc.
See the file README for a full copyright notice.
Loaded: C:\Users\Administrator\Desktop\TIGER\PCSpim\exceptions.s
E:\program\EclipseWorkspace\Compiler\gene.s successfully loaded
Memory address out of bounds
Memory and registers cleared and the simulator reinitialized.

SPIM Version 8.0 of January 8, 2010
Copyright 1990-2010, James R. Larus.
All Rights Reserved.
DOS and Windows ports by David A. Carley.
Copyright 1997, Morgan Kaufmann Publishers, Inc.
See the file README for a full copyright notice.
Loaded: C:\Users\Administrator\Desktop\TIGER\PCSpim\exceptions.s
E:\program\EclipseWorkspace\Compiler\gene.s successfully loaded
Exception occurred at PC=0x00000000
  Bad address in text read: 0x00000000
Attempt to execute non-instruction at 0x80000180
Exception occurred at PC=0x00000000
  Bad address in data/stack read: 0x1004001c


Registers
=========================
 PC      = 80000180   EPC     = 00000000   Cause   = 0000001c   BadVAddr= 1004001c
 Status  = 3000ff12   HI      = 00000000   LO      = 00000000
                                 General Registers
R0  (r0) = 00000000  R8  (t0) = 10040009  R16 (s0) = 00000000  R24 (t8) = 00000000
R1  (at) = 10010000  R9  (t1) = 00000000  R17 (s1) = 00000000  R25 (t9) = 00000000
R2  (v0) = 00000000  R10 (t2) = 00000004  R18 (s2) = 00000000  R26 (k0) = 00000000
R3  (v1) = 00000000  R11 (t3) = 10040004  R19 (s3) = 00000000  R27 (k1) = 00000000
R4  (a0) = 10040010  R12 (t4) = 10040004  R20 (s4) = 00000000  R28 (gp) = 10008000
R5  (a1) = 00000002  R13 (t5) = 10040012  R21 (s5) = 00000000  R29 (sp) = 7ffff660
R6  (a2) = 7ffff668  R14 (t6) = 1004000c  R22 (s6) = 00000000  R30 (s8) = 00000000
R7  (a3) = 00000000  R15 (t7) = 10040008  R23 (s7) = 00000000  R31 (ra) = 00000000

 FIR    = 00009800    FCSR    = 00000000    FCCR   = 00000000   FEXR    = 00000000
 FENR   = 00000000
                              Double Floating Point Registers
FP0  = 0.000000      FP8  = 0.000000      FP16 = 0.000000      FP24 = 0.000000     
FP2  = 0.000000      FP10 = 0.000000      FP18 = 0.000000      FP26 = 0.000000     
FP4  = 0.000000      FP12 = 0.000000      FP20 = 0.000000      FP28 = 0.000000     
FP6  = 0.000000      FP14 = 0.000000      FP22 = 0.000000      FP30 = 0.000000     
                              Single Floating Point Registers
FP0  = 0.000000      FP8  = 0.000000      FP16 = 0.000000      FP24 = 0.000000     
FP1  = 0.000000      FP9  = 0.000000      FP17 = 0.000000      FP25 = 0.000000     
FP2  = 0.000000      FP10 = 0.000000      FP18 = 0.000000      FP26 = 0.000000     
FP3  = 0.000000      FP11 = 0.000000      FP19 = 0.000000      FP27 = 0.000000     
FP4  = 0.000000      FP12 = 0.000000      FP20 = 0.000000      FP28 = 0.000000     
FP5  = 0.000000      FP13 = 0.000000      FP21 = 0.000000      FP29 = 0.000000     
FP6  = 0.000000      FP14 = 0.000000      FP22 = 0.000000      FP30 = 0.000000     
FP7  = 0.000000      FP15 = 0.000000      FP23 = 0.000000      FP31 = 0.000000     


Console
=========================
11
11
[Statistics]
All:     353
Load:    89
Store:   74
Jumped:  59


[Statistics]
All:     353
Load:    89
Store:   74
Jumped:  59



Text Segment
=========================
[0x00400000]        0x23bdff78  addi $29, $29, -136             ; 5: addi $sp, $sp, -136
[0x00400004]        0xafbf0048  sw $31, 72($29)                 ; 6: sw $ra, 72($sp)
[0x00400008]        0x34090001  ori $9, $0, 1                   ; 7: li $t1, 1
[0x0040000c]        0xafa90058  sw $9, 88($29)                  ; 8: sw $t1, 88($sp)
[0x00400010]        0x8fa90058  lw $9, 88($29)                  ; 9: lw $t1, 88($sp)
[0x00400014]        0xafa9005c  sw $9, 92($29)                  ; 10: sw $t1, 92($sp)
[0x00400018]        0x8fa90058  lw $9, 88($29)                  ; 11: lw $t1, 88($sp)
[0x0040001c]        0x340a0004  ori $10, $0, 4                  ; 12: li $t2, 4
[0x00400020]        0x012a5822  sub $11, $9, $10                ; 13: sub $t3, $t1, $t2
[0x00400024]        0xafab0058  sw $11, 88($29)                 ; 14: sw $t3, 88($sp)
[0x00400028]        0x8fa90058  lw $9, 88($29)                  ; 15: lw $t1, 88($sp)
[0x0040002c]        0x340a0004  ori $10, $0, 4                  ; 16: li $t2, 4
[0x00400030]        0x012a5820  add $11, $9, $10                ; 17: add $t3, $t1, $t2
[0x00400034]        0xafab0058  sw $11, 88($29)                 ; 18: sw $t3, 88($sp)
[0x00400038]        0x8fa90058  lw $9, 88($29)                  ; 19: lw $t1, 88($sp)
[0x0040003c]        0xafa90000  sw $9, 0($29)                   ; 20: sw $t1, 0($sp)
[0x00400040]        0x0c1001d8  jal 0x00400760 [_malloc]        ; 21: jal _malloc
[0x00400044]        0xafa20060  sw $2, 96($29)                  ; 22: sw $v0, 96($sp)
[0x00400048]        0x8fa9005c  lw $9, 92($29)                  ; 23: lw $t1, 92($sp)
[0x0040004c]        0x8fac0060  lw $12, 96($29)                 ; 24: lw $t4, 96($sp)
[0x00400050]        0xad890000  sw $9, 0($12)                   ; 25: sw $t1, 0($t4)
[0x00400054]        0x8fa90060  lw $9, 96($29)                  ; 26: lw $t1, 96($sp)
[0x00400058]        0xafa90054  sw $9, 84($29)                  ; 27: sw $t1, 84($sp)
[0x0040005c]        0x8fa90054  lw $9, 84($29)                  ; 28: lw $t1, 84($sp)
[0x00400060]        0xafa90064  sw $9, 100($29)                 ; 29: sw $t1, 100($sp)
[0x00400064]        0x34090000  ori $9, $0, 0                   ; 30: li $t1, 0
[0x00400068]        0xafa90068  sw $9, 104($29)                 ; 31: sw $t1, 104($sp)
[0x0040006c]        0x8fa90068  lw $9, 104($29)                 ; 32: lw $t1, 104($sp)
[0x00400070]        0xafa9006c  sw $9, 108($29)                 ; 33: sw $t1, 108($sp)
[0x00400074]        0x34090004  ori $9, $0, 4                   ; 34: li $t1, 4
[0x00400078]        0x8faa006c  lw $10, 108($29)                ; 35: lw $t2, 108($sp)
[0x0040007c]        0x012a5822  sub $11, $9, $10                ; 36: sub $t3, $t1, $t2
[0x00400080]        0xafab006c  sw $11, 108($29)                ; 37: sw $t3, 108($sp)
[0x00400084]        0x8fa90064  lw $9, 100($29)                 ; 38: lw $t1, 100($sp)
[0x00400088]        0x8faa006c  lw $10, 108($29)                ; 39: lw $t2, 108($sp)
[0x0040008c]        0x012a5820  add $11, $9, $10                ; 40: add $t3, $t1, $t2
[0x00400090]        0xafab0064  sw $11, 100($29)                ; 41: sw $t3, 100($sp)
[0x00400094]        0x0c1000d0  jal 0x00400340 [readString]     ; 42: jal readString
[0x00400098]        0xafa20070  sw $2, 112($29)                 ; 43: sw $v0, 112($sp)
[0x0040009c]        0x8fa90070  lw $9, 112($29)                 ; 44: lw $t1, 112($sp)
[0x004000a0]        0x8fac0064  lw $12, 100($29)                ; 45: lw $t4, 100($sp)
[0x004000a4]        0xad890004  sw $9, 4($12)                   ; 46: sw $t1, 4($t4)
[0x004000a8]        0x8fa90054  lw $9, 84($29)                  ; 47: lw $t1, 84($sp)
[0x004000ac]        0xafa90074  sw $9, 116($29)                 ; 48: sw $t1, 116($sp)
[0x004000b0]        0x34090000  ori $9, $0, 0                   ; 49: li $t1, 0
[0x004000b4]        0xafa90078  sw $9, 120($29)                 ; 50: sw $t1, 120($sp)
[0x004000b8]        0x8fa90078  lw $9, 120($29)                 ; 51: lw $t1, 120($sp)
[0x004000bc]        0xafa9007c  sw $9, 124($29)                 ; 52: sw $t1, 124($sp)
[0x004000c0]        0x34090004  ori $9, $0, 4                   ; 53: li $t1, 4
[0x004000c4]        0x8faa007c  lw $10, 124($29)                ; 54: lw $t2, 124($sp)
[0x004000c8]        0x012a5822  sub $11, $9, $10                ; 55: sub $t3, $t1, $t2
[0x004000cc]        0xafab007c  sw $11, 124($29)                ; 56: sw $t3, 124($sp)
[0x004000d0]        0x8fa90074  lw $9, 116($29)                 ; 57: lw $t1, 116($sp)
[0x004000d4]        0x8faa007c  lw $10, 124($29)                ; 58: lw $t2, 124($sp)
[0x004000d8]        0x012a5820  add $11, $9, $10                ; 59: add $t3, $t1, $t2
[0x004000dc]        0xafab0074  sw $11, 116($29)                ; 60: sw $t3, 116($sp)
[0x004000e0]        0x8fac0074  lw $12, 116($29)                ; 61: lw $t4, 116($sp)
[0x004000e4]        0x8d890004  lw $9, 4($12)                   ; 62: lw $t1, 4($t4)
[0x004000e8]        0xafa90080  sw $9, 128($29)                 ; 63: sw $t1, 128($sp)
[0x004000ec]        0x8fa90080  lw $9, 128($29)                 ; 64: lw $t1, 128($sp)
[0x004000f0]        0xafa90000  sw $9, 0($29)                   ; 65: sw $t1, 0($sp)
[0x004000f4]        0x0c100259  jal 0x00400964 [printString]    ; 66: jal printString
[0x004000f8]        0xafa20084  sw $2, 132($29)                 ; 67: sw $v0, 132($sp)
[0x004000fc]        0x34090000  ori $9, $0, 0                   ; 68: li $t1, 0
[0x00400100]        0x00091021  addu $2, $0, $9                 ; 69: move $v0, $t1
[0x00400104]        0x8fbf0048  lw $31, 72($29)                 ; 70: lw $ra, 72($sp)
[0x00400108]        0x23bd0088  addi $29, $29, 136              ; 71: addi $sp, $sp, 136
[0x0040010c]        0x03e00008  jr $31                          ; 72: jr $ra
[0x00400110]        0x23bdff94  addi $29, $29, -108             ; 74: addi $sp, $sp, -108
[0x00400114]        0xafbf0048  sw $31, 72($29)                 ; 75: sw $ra, 72($sp)
[0x00400118]        0x8fa9006c  lw $9, 108($29)                 ; 76: lw $t1, 108($sp)
[0x0040011c]        0xafa9004c  sw $9, 76($29)                  ; 77: sw $t1, 76($sp)
[0x00400120]        0x8fa9004c  lw $9, 76($29)                  ; 79: lw $t1, 76($sp)
[0x00400124]        0x340a0001  ori $10, $0, 1                  ; 80: li $t2, 1
[0x00400128]        0x11490003  beq $10, $9, 12                 ; 81: seq $t3, $t1, $t2
[0x0040012c]        0x340b0000  ori $11, $0, 0
[0x00400130]        0x10000002  beq $0, $0, 8
[0x00400134]        0x340b0001  ori $11, $0, 1
[0x00400138]        0xafab0050  sw $11, 80($29)                 ; 82: sw $t3, 80($sp)
[0x0040013c]        0x8fa90050  lw $9, 80($29)                  ; 83: lw $t1, 80($sp)
[0x00400140]        0x11200007  beq $9, $0, 28 [_L1-0x00400140] ; 84: beqz $t1, _L1
[0x00400144]        0x34090001  ori $9, $0, 1                   ; 86: li $t1, 1
[0x00400148]        0x00091021  addu $2, $0, $9                 ; 87: move $v0, $t1
[0x0040014c]        0x8fbf0048  lw $31, 72($29)                 ; 88: lw $ra, 72($sp)
[0x00400150]        0x23bd006c  addi $29, $29, 108              ; 89: addi $sp, $sp, 108
[0x00400154]        0x03e00008  jr $31                          ; 90: jr $ra
[0x00400158]        0x08100057  j 0x0040015c [_L2]              ; 91: j _L2
[0x0040015c]        0x8fa9004c  lw $9, 76($29)                  ; 95: lw $t1, 76($sp)
[0x00400160]        0x340a0002  ori $10, $0, 2                  ; 96: li $t2, 2
[0x00400164]        0x11490003  beq $10, $9, 12                 ; 97: seq $t3, $t1, $t2
[0x00400168]        0x340b0000  ori $11, $0, 0
[0x0040016c]        0x10000002  beq $0, $0, 8
[0x00400170]        0x340b0001  ori $11, $0, 1
[0x00400174]        0xafab0054  sw $11, 84($29)                 ; 98: sw $t3, 84($sp)
[0x00400178]        0x8fa90054  lw $9, 84($29)                  ; 99: lw $t1, 84($sp)
[0x0040017c]        0x11200007  beq $9, $0, 28 [_L4-0x0040017c] ; 100: beqz $t1, _L4
[0x00400180]        0x34090001  ori $9, $0, 1                   ; 102: li $t1, 1
[0x00400184]        0x00091021  addu $2, $0, $9                 ; 103: move $v0, $t1
[0x00400188]        0x8fbf0048  lw $31, 72($29)                 ; 104: lw $ra, 72($sp)
[0x0040018c]        0x23bd006c  addi $29, $29, 108              ; 105: addi $sp, $sp, 108
[0x00400190]        0x03e00008  jr $31                          ; 106: jr $ra
[0x00400194]        0x08100066  j 0x00400198 [_L5]              ; 107: j _L5
[0x00400198]        0x8fa9004c  lw $9, 76($29)                  ; 110: lw $t1, 76($sp)
[0x0040019c]        0x340a0001  ori $10, $0, 1                  ; 111: li $t2, 1
[0x004001a0]        0x012a5822  sub $11, $9, $10                ; 112: sub $t3, $t1, $t2
[0x004001a4]        0xafab0058  sw $11, 88($29)                 ; 113: sw $t3, 88($sp)
[0x004001a8]        0x8fa90058  lw $9, 88($29)                  ; 114: lw $t1, 88($sp)
[0x004001ac]        0xafa90000  sw $9, 0($29)                   ; 115: sw $t1, 0($sp)
[0x004001b0]        0x0c100044  jal 0x00400110 [f]              ; 116: jal f
[0x004001b4]        0xafa2005c  sw $2, 92($29)                  ; 117: sw $v0, 92($sp)
[0x004001b8]        0x8fa9004c  lw $9, 76($29)                  ; 118: lw $t1, 76($sp)
[0x004001bc]        0x340a0002  ori $10, $0, 2                  ; 119: li $t2, 2
[0x004001c0]        0x012a5822  sub $11, $9, $10                ; 120: sub $t3, $t1, $t2
[0x004001c4]        0xafab0060  sw $11, 96($29)                 ; 121: sw $t3, 96($sp)
[0x004001c8]        0x8fa90060  lw $9, 96($29)                  ; 122: lw $t1, 96($sp)
[0x004001cc]        0xafa90000  sw $9, 0($29)                   ; 123: sw $t1, 0($sp)
[0x004001d0]        0x0c100044  jal 0x00400110 [f]              ; 124: jal f
[0x004001d4]        0xafa20064  sw $2, 100($29)                 ; 125: sw $v0, 100($sp)
[0x004001d8]        0x8fa9005c  lw $9, 92($29)                  ; 126: lw $t1, 92($sp)
[0x004001dc]        0x8faa0064  lw $10, 100($29)                ; 127: lw $t2, 100($sp)
[0x004001e0]        0x012a5820  add $11, $9, $10                ; 128: add $t3, $t1, $t2
[0x004001e4]        0xafab0068  sw $11, 104($29)                ; 129: sw $t3, 104($sp)
[0x004001e8]        0x8fa90068  lw $9, 104($29)                 ; 130: lw $t1, 104($sp)
[0x004001ec]        0x00091021  addu $2, $0, $9                 ; 131: move $v0, $t1
[0x004001f0]        0x8fbf0048  lw $31, 72($29)                 ; 132: lw $ra, 72($sp)
[0x004001f4]        0x23bd006c  addi $29, $29, 108              ; 133: addi $sp, $sp, 108
[0x004001f8]        0x03e00008  jr $31                          ; 134: jr $ra
[0x004001fc]        0x23bdff6c  addi $29, $29, -148             ; 136: addi $sp, $sp, -148
[0x00400200]        0xafbf0048  sw $31, 72($29)                 ; 137: sw $ra, 72($sp)
[0x00400204]        0x8fa90094  lw $9, 148($29)                 ; 138: lw $t1, 148($sp)
[0x00400208]        0xafa9004c  sw $9, 76($29)                  ; 139: sw $t1, 76($sp)
[0x0040020c]        0x8fa90094  lw $9, 148($29)                 ; 140: lw $t1, 148($sp)
[0x00400210]        0xafa90050  sw $9, 80($29)                  ; 141: sw $t1, 80($sp)
[0x00400214]        0x8fa90094  lw $9, 148($29)                 ; 142: lw $t1, 148($sp)
[0x00400218]        0xafa90054  sw $9, 84($29)                  ; 143: sw $t1, 84($sp)
[0x0040021c]        0x3c011001  lui $1, 4097 [_L6]              ; 144: la $t1, _L6
[0x00400220]        0x34290000  ori $9, $1, 0 [_L6]
[0x00400224]        0xafa9005c  sw $9, 92($29)                  ; 145: sw $t1, 92($sp)
[0x00400228]        0x8fa9004c  lw $9, 76($29)                  ; 146: lw $t1, 76($sp)
[0x0040022c]        0xafa90060  sw $9, 96($29)                  ; 147: sw $t1, 96($sp)
[0x00400230]        0x8fa90050  lw $9, 80($29)                  ; 148: lw $t1, 80($sp)
[0x00400234]        0xafa90064  sw $9, 100($29)                 ; 149: sw $t1, 100($sp)
[0x00400238]        0x8fa90060  lw $9, 96($29)                  ; 150: lw $t1, 96($sp)
[0x0040023c]        0x8faa0064  lw $10, 100($29)                ; 151: lw $t2, 100($sp)
[0x00400240]        0x012a5820  add $11, $9, $10                ; 152: add $t3, $t1, $t2
[0x00400244]        0xafab0060  sw $11, 96($29)                 ; 153: sw $t3, 96($sp)
[0x00400248]        0x8fac0060  lw $12, 96($29)                 ; 154: lw $t4, 96($sp)
[0x0040024c]        0x81890000  lb $9, 0($12)                   ; 155: lb $t1, 0($t4)
[0x00400250]        0xafa90070  sw $9, 112($29)                 ; 156: sw $t1, 112($sp)
[0x00400254]        0x8fa90070  lw $9, 112($29)                 ; 157: lw $t1, 112($sp)
[0x00400258]        0xafa90000  sw $9, 0($29)                   ; 158: sw $t1, 0($sp)
[0x0040025c]        0x0c100214  jal 0x00400850 [_charToString]  ; 159: jal _charToString
[0x00400260]        0xafa2006c  sw $2, 108($29)                 ; 160: sw $v0, 108($sp)
[0x00400264]        0x8fa9005c  lw $9, 92($29)                  ; 161: lw $t1, 92($sp)
[0x00400268]        0xafa90000  sw $9, 0($29)                   ; 162: sw $t1, 0($sp)
[0x0040026c]        0x8fa9006c  lw $9, 108($29)                 ; 163: lw $t1, 108($sp)
[0x00400270]        0xafa90004  sw $9, 4($29)                   ; 164: sw $t1, 4($sp)
[0x00400274]        0x0c100223  jal 0x0040088c [_strcat]        ; 165: jal _strcat
[0x00400278]        0xafa20068  sw $2, 104($29)                 ; 166: sw $v0, 104($sp)
[0x0040027c]        0x8fa90068  lw $9, 104($29)                 ; 167: lw $t1, 104($sp)
[0x00400280]        0xafa9005c  sw $9, 92($29)                  ; 168: sw $t1, 92($sp)
[0x00400284]        0x8fa90050  lw $9, 80($29)                  ; 170: lw $t1, 80($sp)
[0x00400288]        0x340a0001  ori $10, $0, 1                  ; 171: li $t2, 1
[0x0040028c]        0x012a5820  add $11, $9, $10                ; 172: add $t3, $t1, $t2
[0x00400290]        0xafab0074  sw $11, 116($29)                ; 173: sw $t3, 116($sp)
[0x00400294]        0x8fa90074  lw $9, 116($29)                 ; 174: lw $t1, 116($sp)
[0x00400298]        0xafa90058  sw $9, 88($29)                  ; 175: sw $t1, 88($sp)
[0x0040029c]        0x8fa90058  lw $9, 88($29)                  ; 177: lw $t1, 88($sp)
[0x004002a0]        0x8faa0054  lw $10, 84($29)                 ; 178: lw $t2, 84($sp)
[0x004002a4]        0x012a582a  slt $11, $9, $10                ; 179: slt $t3, $t1, $t2
[0x004002a8]        0xafab0078  sw $11, 120($29)                ; 180: sw $t3, 120($sp)
[0x004002ac]        0x8fa90078  lw $9, 120($29)                 ; 181: lw $t1, 120($sp)
[0x004002b0]        0x1120001f  beq $9, $0, 124 [_L9-0x004002b0]; 182: beqz $t1, _L9
[0x004002b4]        0x8fa9004c  lw $9, 76($29)                  ; 184: lw $t1, 76($sp)
[0x004002b8]        0xafa9007c  sw $9, 124($29)                 ; 185: sw $t1, 124($sp)
[0x004002bc]        0x8fa90058  lw $9, 88($29)                  ; 186: lw $t1, 88($sp)
[0x004002c0]        0xafa90080  sw $9, 128($29)                 ; 187: sw $t1, 128($sp)
[0x004002c4]        0x8fa9007c  lw $9, 124($29)                 ; 188: lw $t1, 124($sp)
[0x004002c8]        0x8faa0080  lw $10, 128($29)                ; 189: lw $t2, 128($sp)
[0x004002cc]        0x012a5820  add $11, $9, $10                ; 190: add $t3, $t1, $t2
[0x004002d0]        0xafab007c  sw $11, 124($29)                ; 191: sw $t3, 124($sp)
[0x004002d4]        0x8fac007c  lw $12, 124($29)                ; 192: lw $t4, 124($sp)
[0x004002d8]        0x81890000  lb $9, 0($12)                   ; 193: lb $t1, 0($t4)
[0x004002dc]        0xafa9008c  sw $9, 140($29)                 ; 194: sw $t1, 140($sp)
[0x004002e0]        0x8fa9008c  lw $9, 140($29)                 ; 195: lw $t1, 140($sp)
[0x004002e4]        0xafa90000  sw $9, 0($29)                   ; 196: sw $t1, 0($sp)
[0x004002e8]        0x0c100214  jal 0x00400850 [_charToString]  ; 197: jal _charToString
[0x004002ec]        0xafa20088  sw $2, 136($29)                 ; 198: sw $v0, 136($sp)
[0x004002f0]        0x8fa9005c  lw $9, 92($29)                  ; 199: lw $t1, 92($sp)
[0x004002f4]        0xafa90000  sw $9, 0($29)                   ; 200: sw $t1, 0($sp)
[0x004002f8]        0x8fa90088  lw $9, 136($29)                 ; 201: lw $t1, 136($sp)
[0x004002fc]        0xafa90004  sw $9, 4($29)                   ; 202: sw $t1, 4($sp)
[0x00400300]        0x0c100223  jal 0x0040088c [_strcat]        ; 203: jal _strcat
[0x00400304]        0xafa20084  sw $2, 132($29)                 ; 204: sw $v0, 132($sp)
[0x00400308]        0x8fa90084  lw $9, 132($29)                 ; 205: lw $t1, 132($sp)
[0x0040030c]        0xafa9005c  sw $9, 92($29)                  ; 206: sw $t1, 92($sp)
[0x00400310]        0x8fa90058  lw $9, 88($29)                  ; 207: lw $t1, 88($sp)
[0x00400314]        0x340a0001  ori $10, $0, 1                  ; 208: li $t2, 1
[0x00400318]        0x012a5820  add $11, $9, $10                ; 209: add $t3, $t1, $t2
[0x0040031c]        0xafab0090  sw $11, 144($29)                ; 210: sw $t3, 144($sp)
[0x00400320]        0x8fa90090  lw $9, 144($29)                 ; 211: lw $t1, 144($sp)
[0x00400324]        0xafa90058  sw $9, 88($29)                  ; 212: sw $t1, 88($sp)
[0x00400328]        0x081000a7  j 0x0040029c [_L7]              ; 213: j _L7
[0x0040032c]        0x8fa9005c  lw $9, 92($29)                  ; 215: lw $t1, 92($sp)
[0x00400330]        0x00091021  addu $2, $0, $9                 ; 216: move $v0, $t1
[0x00400334]        0x8fbf0048  lw $31, 72($29)                 ; 217: lw $ra, 72($sp)
[0x00400338]        0x23bd0094  addi $29, $29, 148              ; 218: addi $sp, $sp, 148
[0x0040033c]        0x03e00008  jr $31                          ; 219: jr $ra
[0x00400340]        0x23bdff64  addi $29, $29, -156             ; 221: addi $sp, $sp, -156
[0x00400344]        0xafbf0048  sw $31, 72($29)                 ; 222: sw $ra, 72($sp)
[0x00400348]        0x3c011001  lui $1, 4097 [_L6]              ; 223: la $t1, _L6
[0x0040034c]        0x34290000  ori $9, $1, 0 [_L6]
[0x00400350]        0xafa90050  sw $9, 80($29)                  ; 224: sw $t1, 80($sp)
[0x00400354]        0x0c10024a  jal 0x00400928 [readChar]       ; 225: jal readChar
[0x00400358]        0xafa20054  sw $2, 84($29)                  ; 226: sw $v0, 84($sp)
[0x0040035c]        0x8fa90054  lw $9, 84($29)                  ; 227: lw $t1, 84($sp)
[0x00400360]        0xafa9004c  sw $9, 76($29)                  ; 228: sw $t1, 76($sp)
[0x00400364]        0x8fa9004c  lw $9, 76($29)                  ; 231: lw $t1, 76($sp)
[0x00400368]        0x340a0020  ori $10, $0, 32                 ; 232: li $t2, 32
[0x0040036c]        0x11490003  beq $10, $9, 12                 ; 233: seq $t3, $t1, $t2
[0x00400370]        0x340b0000  ori $11, $0, 0
[0x00400374]        0x10000002  beq $0, $0, 8
[0x00400378]        0x340b0001  ori $11, $0, 1
[0x0040037c]        0xafab0060  sw $11, 96($29)                 ; 234: sw $t3, 96($sp)
[0x00400380]        0x8fa90060  lw $9, 96($29)                  ; 235: lw $t1, 96($sp)
[0x00400384]        0x1520000c  bne $9, $0, 48 [_L15-0x00400384]; 236: bnez $t1, _L15
[0x00400388]        0x8fa9004c  lw $9, 76($29)                  ; 237: lw $t1, 76($sp)
[0x0040038c]        0x340a000a  ori $10, $0, 10                 ; 238: li $t2, 10
[0x00400390]        0x11490003  beq $10, $9, 12                 ; 239: seq $t3, $t1, $t2
[0x00400394]        0x340b0000  ori $11, $0, 0
[0x00400398]        0x10000002  beq $0, $0, 8
[0x0040039c]        0x340b0001  ori $11, $0, 1
[0x004003a0]        0xafab0064  sw $11, 100($29)                ; 240: sw $t3, 100($sp)
[0x004003a4]        0x34090000  ori $9, $0, 0                   ; 241: li $t1, 0
[0x004003a8]        0xafa9005c  sw $9, 92($29)                  ; 242: sw $t1, 92($sp)
[0x004003ac]        0x8fa90064  lw $9, 100($29)                 ; 243: lw $t1, 100($sp)
[0x004003b0]        0x11200003  beq $9, $0, 12 [_L16-0x004003b0]; 244: beqz $t1, _L16
[0x004003b4]        0x34090001  ori $9, $0, 1                   ; 246: li $t1, 1
[0x004003b8]        0xafa9005c  sw $9, 92($29)                  ; 247: sw $t1, 92($sp)
[0x004003bc]        0x8fa9005c  lw $9, 92($29)                  ; 249: lw $t1, 92($sp)
[0x004003c0]        0x1520000c  bne $9, $0, 48 [_L13-0x004003c0]; 250: bnez $t1, _L13
[0x004003c4]        0x8fa9004c  lw $9, 76($29)                  ; 251: lw $t1, 76($sp)
[0x004003c8]        0x340a0009  ori $10, $0, 9                  ; 252: li $t2, 9
[0x004003cc]        0x11490003  beq $10, $9, 12                 ; 253: seq $t3, $t1, $t2
[0x004003d0]        0x340b0000  ori $11, $0, 0
[0x004003d4]        0x10000002  beq $0, $0, 8
[0x004003d8]        0x340b0001  ori $11, $0, 1
[0x004003dc]        0xafab0068  sw $11, 104($29)                ; 254: sw $t3, 104($sp)
[0x004003e0]        0x34090000  ori $9, $0, 0                   ; 255: li $t1, 0
[0x004003e4]        0xafa90058  sw $9, 88($29)                  ; 256: sw $t1, 88($sp)
[0x004003e8]        0x8fa90068  lw $9, 104($29)                 ; 257: lw $t1, 104($sp)
[0x004003ec]        0x11200003  beq $9, $0, 12 [_L14-0x004003ec]; 258: beqz $t1, _L14
[0x004003f0]        0x34090001  ori $9, $0, 1                   ; 260: li $t1, 1
[0x004003f4]        0xafa90058  sw $9, 88($29)                  ; 261: sw $t1, 88($sp)
[0x004003f8]        0x8fa90058  lw $9, 88($29)                  ; 263: lw $t1, 88($sp)
[0x004003fc]        0x11200006  beq $9, $0, 24 [_L12-0x004003fc]; 264: beqz $t1, _L12
[0x00400400]        0x0c10024a  jal 0x00400928 [readChar]       ; 266: jal readChar
[0x00400404]        0xafa2006c  sw $2, 108($29)                 ; 267: sw $v0, 108($sp)
[0x00400408]        0x8fa9006c  lw $9, 108($29)                 ; 268: lw $t1, 108($sp)
[0x0040040c]        0xafa9004c  sw $9, 76($29)                  ; 269: sw $t1, 76($sp)
[0x00400410]        0x081000d9  j 0x00400364 [_L10]             ; 270: j _L10
[0x00400414]        0x8fa9004c  lw $9, 76($29)                  ; 272: lw $t1, 76($sp)
[0x00400418]        0xafa90000  sw $9, 0($29)                   ; 273: sw $t1, 0($sp)
[0x0040041c]        0x0c100214  jal 0x00400850 [_charToString]  ; 274: jal _charToString
[0x00400420]        0xafa20074  sw $2, 116($29)                 ; 275: sw $v0, 116($sp)
[0x00400424]        0x8fa90050  lw $9, 80($29)                  ; 276: lw $t1, 80($sp)
[0x00400428]        0xafa90000  sw $9, 0($29)                   ; 277: sw $t1, 0($sp)
[0x0040042c]        0x8fa90074  lw $9, 116($29)                 ; 278: lw $t1, 116($sp)
[0x00400430]        0xafa90004  sw $9, 4($29)                   ; 279: sw $t1, 4($sp)
[0x00400434]        0x0c100223  jal 0x0040088c [_strcat]        ; 280: jal _strcat
[0x00400438]        0xafa20070  sw $2, 112($29)                 ; 281: sw $v0, 112($sp)
[0x0040043c]        0x8fa90070  lw $9, 112($29)                 ; 282: lw $t1, 112($sp)
[0x00400440]        0xafa90050  sw $9, 80($29)                  ; 283: sw $t1, 80($sp)
[0x00400444]        0x0c10024a  jal 0x00400928 [readChar]       ; 284: jal readChar
[0x00400448]        0xafa20078  sw $2, 120($29)                 ; 285: sw $v0, 120($sp)
[0x0040044c]        0x8fa90078  lw $9, 120($29)                 ; 286: lw $t1, 120($sp)
[0x00400450]        0xafa9004c  sw $9, 76($29)                  ; 287: sw $t1, 76($sp)
[0x00400454]        0x8fa9004c  lw $9, 76($29)                  ; 290: lw $t1, 76($sp)
[0x00400458]        0x340a0020  ori $10, $0, 32                 ; 291: li $t2, 32
[0x0040045c]        0x11490003  beq $10, $9, 12                 ; 292: sne $t3, $t1, $t2
[0x00400460]        0x340b0001  ori $11, $0, 1
[0x00400464]        0x10000002  beq $0, $0, 8
[0x00400468]        0x340b0000  ori $11, $0, 0
[0x0040046c]        0xafab0084  sw $11, 132($29)                ; 293: sw $t3, 132($sp)
[0x00400470]        0x8fa90084  lw $9, 132($29)                 ; 294: lw $t1, 132($sp)
[0x00400474]        0x1120000c  beq $9, $0, 48 [_L22-0x00400474]; 295: beqz $t1, _L22
[0x00400478]        0x8fa9004c  lw $9, 76($29)                  ; 296: lw $t1, 76($sp)
[0x0040047c]        0x340a000a  ori $10, $0, 10                 ; 297: li $t2, 10
[0x00400480]        0x11490003  beq $10, $9, 12                 ; 298: sne $t3, $t1, $t2
[0x00400484]        0x340b0001  ori $11, $0, 1
[0x00400488]        0x10000002  beq $0, $0, 8
[0x0040048c]        0x340b0000  ori $11, $0, 0
[0x00400490]        0xafab0088  sw $11, 136($29)                ; 299: sw $t3, 136($sp)
[0x00400494]        0x34090001  ori $9, $0, 1                   ; 300: li $t1, 1
[0x00400498]        0xafa90080  sw $9, 128($29)                 ; 301: sw $t1, 128($sp)
[0x0040049c]        0x8fa90088  lw $9, 136($29)                 ; 302: lw $t1, 136($sp)
[0x004004a0]        0x15200003  bne $9, $0, 12 [_L23-0x004004a0]; 303: bnez $t1, _L23
[0x004004a4]        0x34090000  ori $9, $0, 0                   ; 305: li $t1, 0
[0x004004a8]        0xafa90080  sw $9, 128($29)                 ; 306: sw $t1, 128($sp)
[0x004004ac]        0x8fa90080  lw $9, 128($29)                 ; 308: lw $t1, 128($sp)
[0x004004b0]        0x1120000c  beq $9, $0, 48 [_L20-0x004004b0]; 309: beqz $t1, _L20
[0x004004b4]        0x8fa9004c  lw $9, 76($29)                  ; 310: lw $t1, 76($sp)
[0x004004b8]        0x340a0009  ori $10, $0, 9                  ; 311: li $t2, 9
[0x004004bc]        0x11490003  beq $10, $9, 12                 ; 312: sne $t3, $t1, $t2
[0x004004c0]        0x340b0001  ori $11, $0, 1
[0x004004c4]        0x10000002  beq $0, $0, 8
[0x004004c8]        0x340b0000  ori $11, $0, 0
[0x004004cc]        0xafab008c  sw $11, 140($29)                ; 313: sw $t3, 140($sp)
[0x004004d0]        0x34090001  ori $9, $0, 1                   ; 314: li $t1, 1
[0x004004d4]        0xafa9007c  sw $9, 124($29)                 ; 315: sw $t1, 124($sp)
[0x004004d8]        0x8fa9008c  lw $9, 140($29)                 ; 316: lw $t1, 140($sp)
[0x004004dc]        0x15200003  bne $9, $0, 12 [_L21-0x004004dc]; 317: bnez $t1, _L21
[0x004004e0]        0x34090000  ori $9, $0, 0                   ; 319: li $t1, 0
[0x004004e4]        0xafa9007c  sw $9, 124($29)                 ; 320: sw $t1, 124($sp)
[0x004004e8]        0x8fa9007c  lw $9, 124($29)                 ; 322: lw $t1, 124($sp)
[0x004004ec]        0x11200012  beq $9, $0, 72 [_L19-0x004004ec]; 323: beqz $t1, _L19
[0x004004f0]        0x8fa9004c  lw $9, 76($29)                  ; 325: lw $t1, 76($sp)
[0x004004f4]        0xafa90000  sw $9, 0($29)                   ; 326: sw $t1, 0($sp)
[0x004004f8]        0x0c100214  jal 0x00400850 [_charToString]  ; 327: jal _charToString
[0x004004fc]        0xafa20094  sw $2, 148($29)                 ; 328: sw $v0, 148($sp)
[0x00400500]        0x8fa90050  lw $9, 80($29)                  ; 329: lw $t1, 80($sp)
[0x00400504]        0xafa90000  sw $9, 0($29)                   ; 330: sw $t1, 0($sp)
[0x00400508]        0x8fa90094  lw $9, 148($29)                 ; 331: lw $t1, 148($sp)
[0x0040050c]        0xafa90004  sw $9, 4($29)                   ; 332: sw $t1, 4($sp)
[0x00400510]        0x0c100223  jal 0x0040088c [_strcat]        ; 333: jal _strcat
[0x00400514]        0xafa20090  sw $2, 144($29)                 ; 334: sw $v0, 144($sp)
[0x00400518]        0x8fa90090  lw $9, 144($29)                 ; 335: lw $t1, 144($sp)
[0x0040051c]        0xafa90050  sw $9, 80($29)                  ; 336: sw $t1, 80($sp)
[0x00400520]        0x0c10024a  jal 0x00400928 [readChar]       ; 337: jal readChar
[0x00400524]        0xafa20098  sw $2, 152($29)                 ; 338: sw $v0, 152($sp)
[0x00400528]        0x8fa90098  lw $9, 152($29)                 ; 339: lw $t1, 152($sp)
[0x0040052c]        0xafa9004c  sw $9, 76($29)                  ; 340: sw $t1, 76($sp)
[0x00400530]        0x08100115  j 0x00400454 [_L17]             ; 341: j _L17
[0x00400534]        0x8fa90050  lw $9, 80($29)                  ; 343: lw $t1, 80($sp)
[0x00400538]        0x00091021  addu $2, $0, $9                 ; 344: move $v0, $t1
[0x0040053c]        0x8fbf0048  lw $31, 72($29)                 ; 345: lw $ra, 72($sp)
[0x00400540]        0x23bd009c  addi $29, $29, 156              ; 346: addi $sp, $sp, 156
[0x00400544]        0x03e00008  jr $31                          ; 347: jr $ra
[0x00400548]        0x23bdff9c  addi $29, $29, -100             ; 349: addi $sp, $sp, -100
[0x0040054c]        0xafbf0048  sw $31, 72($29)                 ; 350: sw $ra, 72($sp)
[0x00400550]        0x0c10024a  jal 0x00400928 [readChar]       ; 351: jal readChar
[0x00400554]        0xafa20054  sw $2, 84($29)                  ; 352: sw $v0, 84($sp)
[0x00400558]        0x8fa90054  lw $9, 84($29)                  ; 353: lw $t1, 84($sp)
[0x0040055c]        0xafa90050  sw $9, 80($29)                  ; 354: sw $t1, 80($sp)
[0x00400560]        0x8fa90050  lw $9, 80($29)                  ; 357: lw $t1, 80($sp)
[0x00400564]        0x340a000a  ori $10, $0, 10                 ; 358: li $t2, 10
[0x00400568]        0x11490003  beq $10, $9, 12                 ; 359: sne $t3, $t1, $t2
[0x0040056c]        0x340b0001  ori $11, $0, 1
[0x00400570]        0x10000002  beq $0, $0, 8
[0x00400574]        0x340b0000  ori $11, $0, 0
[0x00400578]        0xafab0058  sw $11, 88($29)                 ; 360: sw $t3, 88($sp)
[0x0040057c]        0x8fa90058  lw $9, 88($29)                  ; 361: lw $t1, 88($sp)
[0x00400580]        0x1120000e  beq $9, $0, 56 [_L26-0x00400580]; 362: beqz $t1, _L26
[0x00400584]        0x8fa90050  lw $9, 80($29)                  ; 364: lw $t1, 80($sp)
[0x00400588]        0xafa90000  sw $9, 0($29)                   ; 365: sw $t1, 0($sp)
[0x0040058c]        0x0c100214  jal 0x00400850 [_charToString]  ; 366: jal _charToString
[0x00400590]        0xafa20060  sw $2, 96($29)                  ; 367: sw $v0, 96($sp)
[0x00400594]        0x8fa9004c  lw $9, 76($29)                  ; 368: lw $t1, 76($sp)
[0x00400598]        0xafa90000  sw $9, 0($29)                   ; 369: sw $t1, 0($sp)
[0x0040059c]        0x8fa90060  lw $9, 96($29)                  ; 370: lw $t1, 96($sp)
[0x004005a0]        0xafa90004  sw $9, 4($29)                   ; 371: sw $t1, 4($sp)
[0x004005a4]        0x0c100223  jal 0x0040088c [_strcat]        ; 372: jal _strcat
[0x004005a8]        0xafa2005c  sw $2, 92($29)                  ; 373: sw $v0, 92($sp)
[0x004005ac]        0x8fa9005c  lw $9, 92($29)                  ; 374: lw $t1, 92($sp)
[0x004005b0]        0xafa9004c  sw $9, 76($29)                  ; 375: sw $t1, 76($sp)
[0x004005b4]        0x08100158  j 0x00400560 [_L24]             ; 376: j _L24
[0x004005b8]        0x8fa9004c  lw $9, 76($29)                  ; 378: lw $t1, 76($sp)
[0x004005bc]        0x00091021  addu $2, $0, $9                 ; 379: move $v0, $t1
[0x004005c0]        0x8fbf0048  lw $31, 72($29)                 ; 380: lw $ra, 72($sp)
[0x004005c4]        0x23bd0064  addi $29, $29, 100              ; 381: addi $sp, $sp, 100
[0x004005c8]        0x03e00008  jr $31                          ; 382: jr $ra
[0x004005cc]        0x23bdff80  addi $29, $29, -128             ; 384: addi $sp, $sp, -128
[0x004005d0]        0xafbf0048  sw $31, 72($29)                 ; 385: sw $ra, 72($sp)
[0x004005d4]        0x8fa90080  lw $9, 128($29)                 ; 386: lw $t1, 128($sp)
[0x004005d8]        0xafa9004c  sw $9, 76($29)                  ; 387: sw $t1, 76($sp)
[0x004005dc]        0x34090000  ori $9, $0, 0                   ; 388: li $t1, 0
[0x004005e0]        0xafa90050  sw $9, 80($29)                  ; 389: sw $t1, 80($sp)
[0x004005e4]        0x34090000  ori $9, $0, 0                   ; 391: li $t1, 0
[0x004005e8]        0xafa90054  sw $9, 84($29)                  ; 392: sw $t1, 84($sp)
[0x004005ec]        0x8fa9004c  lw $9, 76($29)                  ; 394: lw $t1, 76($sp)
[0x004005f0]        0xafa90000  sw $9, 0($29)                   ; 395: sw $t1, 0($sp)
[0x004005f4]        0x0c10021b  jal 0x0040086c [_strlen]        ; 396: jal _strlen
[0x004005f8]        0xafa20058  sw $2, 88($29)                  ; 397: sw $v0, 88($sp)
[0x004005fc]        0x8fa90054  lw $9, 84($29)                  ; 398: lw $t1, 84($sp)
[0x00400600]        0x8faa0058  lw $10, 88($29)                 ; 399: lw $t2, 88($sp)
[0x00400604]        0x012a582a  slt $11, $9, $10                ; 400: slt $t3, $t1, $t2
[0x00400608]        0xafab005c  sw $11, 92($29)                 ; 401: sw $t3, 92($sp)
[0x0040060c]        0x8fa9005c  lw $9, 92($29)                  ; 402: lw $t1, 92($sp)
[0x00400610]        0x11200025  beq $9, $0, 148 [_L29-0x00400610]; 403: beqz $t1, _L29
[0x00400614]        0x8fa90050  lw $9, 80($29)                  ; 405: lw $t1, 80($sp)
[0x00400618]        0x340a000a  ori $10, $0, 10                 ; 406: li $t2, 10
[0x0040061c]        0x012a5822  sub $11, $9, $10                ; 407: sub $t3, $t1, $t2
[0x00400620]        0xafab0060  sw $11, 96($29)                 ; 408: sw $t3, 96($sp)
[0x00400624]        0x8fa9004c  lw $9, 76($29)                  ; 409: lw $t1, 76($sp)
[0x00400628]        0xafa90064  sw $9, 100($29)                 ; 410: sw $t1, 100($sp)
[0x0040062c]        0x8fa90054  lw $9, 84($29)                  ; 411: lw $t1, 84($sp)
[0x00400630]        0xafa90068  sw $9, 104($29)                 ; 412: sw $t1, 104($sp)
[0x00400634]        0x8fa90064  lw $9, 100($29)                 ; 413: lw $t1, 100($sp)
[0x00400638]        0x8faa0068  lw $10, 104($29)                ; 414: lw $t2, 104($sp)
[0x0040063c]        0x012a5820  add $11, $9, $10                ; 415: add $t3, $t1, $t2
[0x00400640]        0xafab0064  sw $11, 100($29)                ; 416: sw $t3, 100($sp)
[0x00400644]        0x8fac0064  lw $12, 100($29)                ; 417: lw $t4, 100($sp)
[0x00400648]        0x81890000  lb $9, 0($12)                   ; 418: lb $t1, 0($t4)
[0x0040064c]        0xafa9006c  sw $9, 108($29)                 ; 419: sw $t1, 108($sp)
[0x00400650]        0x8fa9006c  lw $9, 108($29)                 ; 420: lw $t1, 108($sp)
[0x00400654]        0xafa90000  sw $9, 0($29)                   ; 421: sw $t1, 0($sp)
[0x00400658]        0x0c100267  jal 0x0040099c [ord]            ; 422: jal ord
[0x0040065c]        0xafa20070  sw $2, 112($29)                 ; 423: sw $v0, 112($sp)
[0x00400660]        0x8fa90060  lw $9, 96($29)                  ; 424: lw $t1, 96($sp)
[0x00400664]        0x8faa0070  lw $10, 112($29)                ; 425: lw $t2, 112($sp)
[0x00400668]        0x012a5820  add $11, $9, $10                ; 426: add $t3, $t1, $t2
[0x0040066c]        0xafab0074  sw $11, 116($29)                ; 427: sw $t3, 116($sp)
[0x00400670]        0x8fa90074  lw $9, 116($29)                 ; 428: lw $t1, 116($sp)
[0x00400674]        0x340a0030  ori $10, $0, 48                 ; 429: li $t2, 48
[0x00400678]        0x012a5822  sub $11, $9, $10                ; 430: sub $t3, $t1, $t2
[0x0040067c]        0xafab0078  sw $11, 120($29)                ; 431: sw $t3, 120($sp)
[0x00400680]        0x8fa90078  lw $9, 120($29)                 ; 432: lw $t1, 120($sp)
[0x00400684]        0xafa90050  sw $9, 80($29)                  ; 433: sw $t1, 80($sp)
[0x00400688]        0x8fa90054  lw $9, 84($29)                  ; 434: lw $t1, 84($sp)
[0x0040068c]        0x340a0001  ori $10, $0, 1                  ; 435: li $t2, 1
[0x00400690]        0x012a5820  add $11, $9, $10                ; 436: add $t3, $t1, $t2
[0x00400694]        0xafab007c  sw $11, 124($29)                ; 437: sw $t3, 124($sp)
[0x00400698]        0x8fa9007c  lw $9, 124($29)                 ; 438: lw $t1, 124($sp)
[0x0040069c]        0xafa90054  sw $9, 84($29)                  ; 439: sw $t1, 84($sp)
[0x004006a0]        0x0810017b  j 0x004005ec [_L27]             ; 440: j _L27
[0x004006a4]        0x8fa90050  lw $9, 80($29)                  ; 442: lw $t1, 80($sp)
[0x004006a8]        0x00091021  addu $2, $0, $9                 ; 443: move $v0, $t1
[0x004006ac]        0x8fbf0048  lw $31, 72($29)                 ; 444: lw $ra, 72($sp)
[0x004006b0]        0x23bd0080  addi $29, $29, 128              ; 445: addi $sp, $sp, 128
[0x004006b4]        0x03e00008  jr $31                          ; 446: jr $ra
[0x004006b8]        0x23bdff98  addi $29, $29, -104             ; 448: addi $sp, $sp, -104
[0x004006bc]        0xafbf0048  sw $31, 72($29)                 ; 449: sw $ra, 72($sp)
[0x004006c0]        0x8fa90068  lw $9, 104($29)                 ; 450: lw $t1, 104($sp)
[0x004006c4]        0xafa9004c  sw $9, 76($29)                  ; 451: sw $t1, 76($sp)
[0x004006c8]        0x8fa90068  lw $9, 104($29)                 ; 452: lw $t1, 104($sp)
[0x004006cc]        0xafa90050  sw $9, 80($29)                  ; 453: sw $t1, 80($sp)
[0x004006d0]        0x34090000  ori $9, $0, 0                   ; 455: li $t1, 0
[0x004006d4]        0xafa90054  sw $9, 84($29)                  ; 456: sw $t1, 84($sp)
[0x004006d8]        0x8fa90054  lw $9, 84($29)                  ; 458: lw $t1, 84($sp)
[0x004006dc]        0x8fac004c  lw $12, 76($29)                 ; 459: lw $t4, 76($sp)
[0x004006e0]        0x8d8a0000  lw $10, 0($12)                  ; 460: lw $t2, 0($t4)
[0x004006e4]        0x012a582a  slt $11, $9, $10                ; 461: slt $t3, $t1, $t2
[0x004006e8]        0xafab0058  sw $11, 88($29)                 ; 462: sw $t3, 88($sp)
[0x004006ec]        0x8fa90058  lw $9, 88($29)                  ; 463: lw $t1, 88($sp)
[0x004006f0]        0x11200017  beq $9, $0, 92 [_L32-0x004006f0]; 464: beqz $t1, _L32
[0x004006f4]        0x8fa9004c  lw $9, 76($29)                  ; 466: lw $t1, 76($sp)
[0x004006f8]        0xafa9005c  sw $9, 92($29)                  ; 467: sw $t1, 92($sp)
[0x004006fc]        0x8fa90054  lw $9, 84($29)                  ; 468: lw $t1, 84($sp)
[0x00400700]        0xafa90060  sw $9, 96($29)                  ; 469: sw $t1, 96($sp)
[0x00400704]        0x34090004  ori $9, $0, 4                   ; 470: li $t1, 4
[0x00400708]        0x8faa0060  lw $10, 96($29)                 ; 471: lw $t2, 96($sp)
[0x0040070c]        0x012a5822  sub $11, $9, $10                ; 472: sub $t3, $t1, $t2
[0x00400710]        0xafab0060  sw $11, 96($29)                 ; 473: sw $t3, 96($sp)
[0x00400714]        0x8fa9005c  lw $9, 92($29)                  ; 474: lw $t1, 92($sp)
[0x00400718]        0x8faa0060  lw $10, 96($29)                 ; 475: lw $t2, 96($sp)
[0x0040071c]        0x012a5820  add $11, $9, $10                ; 476: add $t3, $t1, $t2
[0x00400720]        0xafab005c  sw $11, 92($29)                 ; 477: sw $t3, 92($sp)
[0x00400724]        0x8fa90050  lw $9, 80($29)                  ; 478: lw $t1, 80($sp)
[0x00400728]        0x8fac005c  lw $12, 92($29)                 ; 479: lw $t4, 92($sp)
[0x0040072c]        0xad890004  sw $9, 4($12)                   ; 480: sw $t1, 4($t4)
[0x00400730]        0x8fa90054  lw $9, 84($29)                  ; 481: lw $t1, 84($sp)
[0x00400734]        0x340a0001  ori $10, $0, 1                  ; 482: li $t2, 1
[0x00400738]        0x012a5820  add $11, $9, $10                ; 483: add $t3, $t1, $t2
[0x0040073c]        0xafab0064  sw $11, 100($29)                ; 484: sw $t3, 100($sp)
[0x00400740]        0x8fa90064  lw $9, 100($29)                 ; 485: lw $t1, 100($sp)
[0x00400744]        0xafa90054  sw $9, 84($29)                  ; 486: sw $t1, 84($sp)
[0x00400748]        0x081001b6  j 0x004006d8 [_L30]             ; 487: j _L30
[0x0040074c]        0x34090001  ori $9, $0, 1                   ; 489: li $t1, 1
[0x00400750]        0x00091021  addu $2, $0, $9                 ; 490: move $v0, $t1
[0x00400754]        0x8fbf0048  lw $31, 72($29)                 ; 491: lw $ra, 72($sp)
[0x00400758]        0x23bd0068  addi $29, $29, 104              ; 492: addi $sp, $sp, 104
[0x0040075c]        0x03e00008  jr $31                          ; 493: jr $ra
[0x00400760]        0x8fa40000  lw $4, 0($29)                   ; 495: lw $a0, 0($sp)
[0x00400764]        0x34020009  ori $2, $0, 9                   ; 496: li $v0, 9
[0x00400768]        0x0000000c  syscall                         ; 497: syscall
[0x0040076c]        0x03e00008  jr $31                          ; 498: jr $ra
[0x00400770]        0x8fa80000  lw $8, 0($29)                   ; 501: lw $t0, 0($sp)
[0x00400774]        0x8fa90004  lw $9, 4($29)                   ; 502: lw $t1, 4($sp)
[0x00400778]        0x810a0000  lb $10, 0($8)                   ; 504: lb $t2, 0($t0)
[0x0040077c]        0x812b0000  lb $11, 0($9)                   ; 505: lb $t3, 0($t1)
[0x00400780]        0x014b082a  slt $1, $10, $11                ; 506: blt $t2, $t3, _strcmp_less
[0x00400784]        0x14200007  bne $1, $0, 28 [_strcmp_less-0x00400784]
[0x00400788]        0x016a082a  slt $1, $11, $10                ; 507: bgt $t2, $t3, _strcmp_greater
[0x0040078c]        0x14200008  bne $1, $0, 32 [_strcmp_greater-0x0040078c]
[0x00400790]        0x11400009  beq $10, $0, 36 [_strcmp_equal-0x00400790]; 508: beq $t2, $zero, _strcmp_equal
[0x00400794]        0x21080001  addi $8, $8, 1                  ; 509: addi $t0, $t0, 1
[0x00400798]        0x21290001  addi $9, $9, 1                  ; 510: addi $t1, $t1, 1
[0x0040079c]        0x081001de  j 0x00400778 [_strcmp_begin]    ; 511: j _strcmp_begin
[0x004007a0]        0x3c01ffff  lui $1, -1                      ; 513: li $v0, -1
[0x004007a4]        0x3422ffff  ori $2, $1, -1
[0x004007a8]        0x03e00008  jr $31                          ; 514: jr $ra
[0x004007ac]        0x34020001  ori $2, $0, 1                   ; 516: li $v0, 1
[0x004007b0]        0x03e00008  jr $31                          ; 517: jr $ra
[0x004007b4]        0x34020000  ori $2, $0, 0                   ; 519: li $v0, 0
[0x004007b8]        0x03e00008  jr $31                          ; 520: jr $ra
[0x004007bc]        0x8fa80000  lw $8, 0($29)                   ; 523: lw 
[0x004007c0]        0x34090000  ori $9, $0, 0                   ; 524: li $t1, 0
[0x004007c4]        0x0100082a  slt $1, $8, $0                  ; 525: bge $t0, $zero, intToString_l1
[0x004007c8]        0x10200003  beq $1, $0, 12 [intToString_l1-0x004007c8]
[0x004007cc]        0x34090001  ori $9, $0, 1                   ; 526: li $t1, 1
[0x004007d0]        0x00084022  sub $8, $0, $8                  ; 527: neg $t0, $t0
[0x004007d4]        0x00085821  addu $11, $0, $8                ; 529: move $t3, $t0
[0x004007d8]        0x340a0000  ori $10, $0, 0                  ; 530: li $t2, 0
[0x004007dc]        0x214a0001  addi $10, $10, 1                ; 532: addi $t2, $t2, 1
[0x004007e0]        0x3401000a  ori $1, $0, 10                  ; 533: div $t3, $t3, 10
[0x004007e4]        0x0161001a  div $11, $1
[0x004007e8]        0x00005812  mflo $11
[0x004007ec]        0x1560fffc  bne $11, $0, -16 [intToString_l2-0x004007ec]; 534: bne $t3, $zero, intToString_l2
[0x004007f0]        0x21440001  addi $4, $10, 1                 ; 535: addi $a0, $t2, 1
[0x004007f4]        0x11200002  beq $9, $0, 8 [intToString_l3-0x004007f4]; 536: beq $t1, $zero, intToString_l3
[0x004007f8]        0x20840001  addi $4, $4, 1                  ; 537: addi $a0, $a0, 1
[0x004007fc]        0x34020009  ori $2, $0, 9                   ; 539: li $v0, 9
[0x00400800]        0x00045821  addu $11, $0, $4                ; 540: move $t3, $a0
[0x00400804]        0x0000000c  syscall                         ; 541: syscall
[0x00400808]        0x11200003  beq $9, $0, 12 [intToString_l5-0x00400808]; 542: beq $t1, $zero, intToString_l5
[0x0040080c]        0x340c002d  ori $12, $0, 45                 ; 543: li $t4, 45
[0x00400810]        0xa04c0000  sb $12, 0($2)                   ; 544: sb $t4, 0($v0)
[0x00400814]        0x004b5820  add $11, $2, $11                ; 546: add $t3, $v0, $t3
[0x00400818]        0x216bffff  addi $11, $11, -1               ; 547: addi $t3, $t3, -1
[0x0040081c]        0xa1600000  sb $0, 0($11)                   ; 548: sb $zero, 0($t3)    
[0x00400820]        0x216bffff  addi $11, $11, -1               ; 549: addi $t3, $t3, -1
[0x00400824]        0x3401000a  ori $1, $0, 10                  ; 551: rem $t4, $t0, 10
[0x00400828]        0x0101001a  div $8, $1
[0x0040082c]        0x00006010  mfhi $12
[0x00400830]        0x218c0030  addi $12, $12, 48               ; 552: addi $t4, $t4, 48
[0x00400834]        0xa16c0000  sb $12, 0($11)                  ; 553: sb $t4, 0($t3)
[0x00400838]        0x216bffff  addi $11, $11, -1               ; 554: addi $t3, $t3, -1
[0x0040083c]        0x3401000a  ori $1, $0, 10                  ; 555: div $t0, $t0, 10
[0x00400840]        0x0101001a  div $8, $1
[0x00400844]        0x00004012  mflo $8
[0x00400848]        0x1500fff7  bne $8, $0, -36 [intToString_l4-0x00400848]; 556: bne $t0, $zero, intToString_l4
[0x0040084c]        0x03e00008  jr $31                          ; 557: jr $ra
[0x00400850]        0x34040002  ori $4, $0, 2                   ; 560: li $a0, 2
[0x00400854]        0x34020009  ori $2, $0, 9                   ; 561: li $v0, 9
[0x00400858]        0x0000000c  syscall                         ; 562: syscall
[0x0040085c]        0x83a80000  lb $8, 0($29)                   ; 563: lb $t0, 0($sp)
[0x00400860]        0xa0480000  sb $8, 0($2)                    ; 564: sb $t0, 0($v0)
[0x00400864]        0xa0400001  sb $0, 1($2)                    ; 565: sb $zero, 1($v0)
[0x00400868]        0x03e00008  jr $31                          ; 566: jr $ra
[0x0040086c]        0x8fa80000  lw $8, 0($29)                   ; 569: lw $t0, 0($sp)
[0x00400870]        0x34020000  ori $2, $0, 0                   ; 570: li $v0, 0
[0x00400874]        0x81090000  lb $9, 0($8)                    ; 572: lb $t1, 0($t0)
[0x00400878]        0x11200004  beq $9, $0, 16 [_strlen_end-0x00400878]; 573: beq $t1, $zero, _strlen_end
[0x0040087c]        0x21080001  addi $8, $8, 1                  ; 574: addi $t0, $t0, 1
[0x00400880]        0x20420001  addi $2, $2, 1                  ; 575: addi $v0, $v0, 1
[0x00400884]        0x0810021d  j 0x00400874 [_strlen_begin]    ; 576: j _strlen_begin
[0x00400888]        0x03e00008  jr $31                          ; 578: jr $ra
[0x0040088c]        0x8fa80000  lw $8, 0($29)                   ; 581: lw $t0, 0($sp)
[0x00400890]        0x00087821  addu $15, $0, $8                ; 582: move $t7, $t0
[0x00400894]        0x8fae0004  lw $14, 4($29)                  ; 583: lw $t6, 4($sp)
[0x00400898]        0x23bdfff8  addi $29, $29, -8               ; 584: addi $sp, $sp, -8
[0x0040089c]        0xafbf0004  sw $31, 4($29)                  ; 585: sw $ra, 4($sp)        #aa
[0x004008a0]        0xafa80000  sw $8, 0($29)                   ; 586: sw $t0, 0($sp)        #aa
[0x004008a4]        0x0c10021b  jal 0x0040086c [_strlen]        ; 587: jal _strlen
[0x004008a8]        0x00025021  addu $10, $0, $2                ; 588: move $t2, $v0
[0x004008ac]        0x000e4821  addu $9, $0, $14                ; 589: move $t1, $t6
[0x004008b0]        0xafa90000  sw $9, 0($29)                   ; 590: sw $t1, 0($sp)  #aa
[0x004008b4]        0x0c10021b  jal 0x0040086c [_strlen]        ; 591: jal _strlen
[0x004008b8]        0x000e4821  addu $9, $0, $14                ; 592: move $t1, $t6
[0x004008bc]        0x00025821  addu $11, $0, $2                ; 593: move $t3, $v0
[0x004008c0]        0x014b2020  add $4, $10, $11                ; 594: add $a0, $t2, $t3
[0x004008c4]        0x20840001  addi $4, $4, 1                  ; 595: addi $a0, $a0, 1
[0x004008c8]        0x34020009  ori $2, $0, 9                   ; 596: li $v0,9
[0x004008cc]        0x0000000c  syscall                         ; 597: syscall
[0x004008d0]        0x000e4821  addu $9, $0, $14                ; 598: move $t1, $t6
[0x004008d4]        0x000f4021  addu $8, $0, $15                ; 599: move $t0, $t7
[0x004008d8]        0x00026821  addu $13, $0, $2                ; 600: move $t5, $v0
[0x004008dc]        0x810c0000  lb $12, 0($8)                   ; 602: lb $t4, 0($t0)
[0x004008e0]        0x11800005  beq $12, $0, 20 [_strcat_l2-0x004008e0]; 603: beq $t4, $zero, _strcat_l2
[0x004008e4]        0xa1ac0000  sb $12, 0($13)                  ; 604: sb $t4, 0($t5)
[0x004008e8]        0x21080001  addi $8, $8, 1                  ; 605: addi $t0, $t0, 1
[0x004008ec]        0x21ad0001  addi $13, $13, 1                ; 606: addi $t5, $t5, 1
[0x004008f0]        0x08100237  j 0x004008dc [_strcat_l1]       ; 607: j _strcat_l1
[0x004008f4]        0x812c0000  lb $12, 0($9)                   ; 609: lb $t4, 0($t1)
[0x004008f8]        0x11800005  beq $12, $0, 20 [_strcat_l3-0x004008f8]; 610: beq $t4, $zero, _strcat_l3
[0x004008fc]        0xa1ac0000  sb $12, 0($13)                  ; 611: sb $t4, 0($t5)
[0x00400900]        0x21290001  addi $9, $9, 1                  ; 612: addi $t1, $t1, 1
[0x00400904]        0x21ad0001  addi $13, $13, 1                ; 613: addi $t5, $t5, 1        #wrong
[0x00400908]        0x0810023d  j 0x004008f4 [_strcat_l2]       ; 614: j _strcat_l2
[0x0040090c]        0xa1a00000  sb $0, 0($13)                   ; 616: sb $zero, 0($t5)
[0x00400910]        0x8fbf0004  lw $31, 4($29)                  ; 617: lw $ra, 4($sp)        #myself
[0x00400914]        0x23bd0008  addi $29, $29, 8                ; 618: addi $sp, $sp, 8
[0x00400918]        0x03e00008  jr $31                          ; 619: jr $ra
[0x0040091c]        0x34020005  ori $2, $0, 5                   ; 622: li $v0, 5
[0x00400920]        0x0000000c  syscall                         ; 623: syscall
[0x00400924]        0x03e00008  jr $31                          ; 624: jr $ra
[0x00400928]        0x34020008  ori $2, $0, 8                   ; 627: li $v0, 8
[0x0040092c]        0x001d2021  addu $4, $0, $29                ; 628: move $a0, $sp
[0x00400930]        0x34050002  ori $5, $0, 2                   ; 629: li $a1, 2
[0x00400934]        0x0000000c  syscall                         ; 630: syscall
[0x00400938]        0x83a20000  lb $2, 0($29)                   ; 631: lb $v0, 0($sp)
[0x0040093c]        0x03e00008  jr $31                          ; 632: jr $ra
[0x00400940]        0x34020001  ori $2, $0, 1                   ; 635: li $v0, 1
[0x00400944]        0x8fa40000  lw $4, 0($29)                   ; 636: lw $a0, 0($sp)
[0x00400948]        0x0000000c  syscall                         ; 637: syscall
[0x0040094c]        0x03e00008  jr $31                          ; 638: jr $ra
[0x00400950]        0xa3a00001  sb $0, 1($29)                   ; 641: sb $zero, 1($sp)
[0x00400954]        0x34020004  ori $2, $0, 4                   ; 642: li $v0, 4
[0x00400958]        0x001d2021  addu $4, $0, $29                ; 643: move $a0, $sp
[0x0040095c]        0x0000000c  syscall                         ; 644: syscall
[0x00400960]        0x03e00008  jr $31                          ; 645: jr $ra
[0x00400964]        0x8fa40000  lw $4, 0($29)                   ; 648: lw $a0, 0($sp)
[0x00400968]        0x34020004  ori $2, $0, 4                   ; 649: li $v0, 4
[0x0040096c]        0x0000000c  syscall                         ; 650: syscall
[0x00400970]        0x03e00008  jr $31                          ; 651: jr $ra
[0x00400974]        0x8fa40000  lw $4, 0($29)                   ; 654: lw $a0, 0($sp)
[0x00400978]        0x34020004  ori $2, $0, 4                   ; 655: li $v0, 4
[0x0040097c]        0x0000000c  syscall                         ; 656: syscall
[0x00400980]        0x3408000a  ori $8, $0, 10                  ; 657: li $t0, 10
[0x00400984]        0xa3a80000  sb $8, 0($29)                   ; 658: sb $t0, 0($sp)
[0x00400988]        0xa3a00001  sb $0, 1($29)                   ; 659: sb $zero, 1($sp)
[0x0040098c]        0x34020004  ori $2, $0, 4                   ; 660: li $v0, 4
[0x00400990]        0x001d2021  addu $4, $0, $29                ; 661: move $a0, $sp
[0x00400994]        0x0000000c  syscall                         ; 662: syscall
[0x00400998]        0x03e00008  jr $31                          ; 663: jr $ra
[0x0040099c]        0x83a20000  lb $2, 0($29)                   ; 666: lb        $v0 0($sp)
[0x004009a0]        0x03e00008  jr $31                          ; 667: jr $ra
[0x004009a4]        0x83a20000  lb $2, 0($29)                   ; 670: lb        $v0 0($sp)
[0x004009a8]        0x03e00008  jr $31                          ; 671: jr $ra

        KERNEL


Data Segment
=========================
        DATA
[0x10000000]...[0x10040000]        0x00000000
[0x10040000]                        0x00000001  0x00000031  0x10040010  0x00000031
[0x10040010]                        0x00003131  0x00000000  0x00000000  0x00000000

        STACK

        KERNEL DATA
[0x90000000]...[0x90010000]        0x00000000


